<?xml version="1.0" encoding="UTF-8"?>
<!-- Generated by org.testng.reporters.JUnitXMLReporter -->
<testsuite hostname="XEN-783" ignored="0" name="ProgramTest" tests="3" failures="1" timestamp="11 Jan 2017 06:28:03 GMT" time="0.02" errors="0">
  <testcase name="testOne" time="0.004" classname="Helper.Test_custTestNG"/>
  <testcase name="testThree" time="0.0" classname="Helper.Test_custTestNG"/>
  <testcase name="testTwo" time="0.001" classname="Helper.Test_custTestNG">
    <failure type="java.lang.AssertionError" message="expected [AutomationgTest] but found [AutomationgTesting]">
      <![CDATA[java.lang.AssertionError: expected [AutomationgTest] but found [AutomationgTesting]
	at Helper.Test_custTestNG.testTwo(Test_custTestNG.java:15)
	at Helper.TestNgXmlUsingCode.testNgXmlSuite(TestNgXmlUsingCode.java:46)
	at Helper.TestNgXmlUsingCode.main(TestNgXmlUsingCode.java:51)
... Removed 28 stack frames]]>
    </failure>
  </testcase> <!-- testTwo -->
</testsuite> <!-- ProgramTest -->
